<?xml version="1.0" encoding="UTF-8"?>
<!-- Generated by org.testng.reporters.JUnitXMLReporter -->
<testsuite hostname="Priyank-PC" ignored="1" name="Test" tests="20" failures="0" timestamp="2021-03-08T16:28:17 IST" time="361.726" errors="0">
  <testcase name="loginTest" time="1.692" classname="com.yourinfo.testcases.LoginPageTest"/>
  <testcase name="clickonAdmin" time="4.539" classname="com.yourinfo.testcases.HomePageTest"/>
  <testcase name="UserName" time="2.281" classname="com.yourinfo.testcases.HomePageTest"/>
  <testcase name="GeneralSearch" time="3.275" classname="com.yourinfo.testcases.HomePageTest"/>
  <testcase name="ClickOnTools" time="2.261" classname="com.yourinfo.testcases.HomePageTest"/>
  <testcase name="clickonSpec" time="3.583" classname="com.yourinfo.testcases.HomePageTest"/>
  <testcase name="clickonValuation" time="1.681" classname="com.yourinfo.testcases.HomePageTest"/>
  <testcase name="clickonRental" time="4.34" classname="com.yourinfo.testcases.HomePageTest"/>
  <testcase name="clickReport" time="2.197" classname="com.yourinfo.testcases.HomePageTest"/>
  <testcase name="Versionnumber" time="0.189" classname="com.yourinfo.testcases.HomePageTest"/>
  <testcase name="BuildingDorpdown" time="18.583" classname="com.yourinfo.testcases.SearchPageTest"/>
  <testcase name="GensearchByBuilding" time="16.006" classname="com.yourinfo.testcases.SearchPageTest"/>
  <testcase name="clickonGenSearch" time="1.556" classname="com.yourinfo.testcases.SearchPageTest"/>
  <testcase name="clickonAdvSeachbyOwner" time="1.884" classname="com.yourinfo.testcases.SearchPageTest"/>
  <testcase name="clickonSearchByDeveloper" time="0.727" classname="com.yourinfo.testcases.SearchPageTest"/>
  <testcase name="clickonProject" time="3.385" classname="com.yourinfo.testcases.SearchPageTest"/>
  <testcase name="clickonMajorProject" time="2.53" classname="com.yourinfo.testcases.SearchPageTest"/>
  <testcase name="AssertBuildName" time="14.655" classname="com.yourinfo.testcases.SearchPageTest"/>
  <testcase name="AssertBuildName" time="16.794" classname="com.yourinfo.testcases.SearchPageTest"/>
  <testcase name="AssertBuildName" time="17.422" classname="com.yourinfo.testcases.SearchPageTest"/>
  <testcase name="cickonLandMark" time="0.0" classname="com.yourinfo.testcases.SearchPageTest">
    <ignored/>
  </testcase> <!-- cickonLandMark -->
</testsuite> <!-- Test -->
