<?xml version="1.0" encoding="UTF-8"?>
<testng-results skipped="0" failed="0" ignored="0" total="1" passed="1">
  <reporter-output>
  </reporter-output>
  <suite name="Suite" duration-ms="14773" started-at="2021-02-07T22:21:37 IST" finished-at="2021-02-07T22:21:52 IST">
    <groups>
    </groups>
    <test name="Test" duration-ms="14773" started-at="2021-02-07T22:21:37 IST" finished-at="2021-02-07T22:21:52 IST">
      <class name="com.yourinfo.testcases.LoginPageTest">
        <test-method status="PASS" signature="setup()[pri:0, instance:com.yourinfo.testcases.LoginPageTest@442675e1]" name="setup" is-config="true" duration-ms="12315" started-at="2021-02-07T22:21:37 IST" finished-at="2021-02-07T22:21:49 IST">
          <reporter-output>
          </reporter-output>
        </test-method> <!-- setup -->
        <test-method status="PASS" signature="loginTest()[pri:0, instance:com.yourinfo.testcases.LoginPageTest@442675e1]" name="loginTest" duration-ms="1369" started-at="2021-02-07T22:21:49 IST" finished-at="2021-02-07T22:21:51 IST">
          <reporter-output>
          </reporter-output>
        </test-method> <!-- loginTest -->
        <test-method status="PASS" signature="teardown()[pri:0, instance:com.yourinfo.testcases.LoginPageTest@442675e1]" name="teardown" is-config="true" duration-ms="977" started-at="2021-02-07T22:21:51 IST" finished-at="2021-02-07T22:21:52 IST">
          <reporter-output>
          </reporter-output>
        </test-method> <!-- teardown -->
      </class> <!-- com.yourinfo.testcases.LoginPageTest -->
    </test> <!-- Test -->
  </suite> <!-- Suite -->
</testng-results>
